# JRE version: Java(TM) SE Runtime Environment (8.0_45-b15) (build 1.8.0_45-b15)
# Java VM: Java HotSpot(TM) Client VM (25.45-b02 mixed mode windows-x86 )
Heap:
 def new generation   total 236032K, used 127541K [0x04e00000, 0x14e10000, 0x1a350000)
  eden space 209856K,  55% used [0x04e00000, 0x0bee3140, 0x11af0000)
  from space 26176K,  45% used [0x11af0000, 0x1269a490, 0x13480000)
  to   space 26176K,   0% used [0x13480000, 0x13480000, 0x14e10000)
 tenured generation   total 524288K, used 128777K [0x1a350000, 0x3a350000, 0x44e00000)
   the space 524288K,  24% used [0x1a350000, 0x221124f8, 0x22112600, 0x3a350000)
 Metaspace       used 48208K, capacity 49068K, committed 49152K, reserved 49536K
GC Heap History (10 events):
Event: 63.437 GC heap before
{Heap before GC invocations=21 (full 3):
 def new generation   total 236032K, used 223116K [0x04e00000, 0x14e10000, 0x1a350000)
  eden space 209856K, 100% used [0x04e00000, 0x11af0000, 0x11af0000)
  from space 26176K,  50% used [0x13480000, 0x141730b0, 0x14e10000)
  to   space 26176K,   0% used [0x11af0000, 0x11af0000, 0x13480000)
 tenured generation   total 524288K, used 96078K [0x1a350000, 0x3a350000, 0x44e00000)
   the space 524288K,  18% used [0x1a350000, 0x20123ab0, 0x20123c00, 0x3a350000)
 Metaspace       used 41581K, capacity 42145K, committed 42240K, reserved 42368K
Event: 63.548 GC heap after
Heap after GC invocations=22 (full 3):
 def new generation   total 236032K, used 9436K [0x04e00000, 0x14e10000, 0x1a350000)
  eden space 209856K,   0% used [0x04e00000, 0x04e00000, 0x11af0000)
  from space 26176K,  36% used [0x11af0000, 0x12427088, 0x13480000)
  to   space 26176K,   0% used [0x13480000, 0x13480000, 0x14e10000)
 tenured generation   total 524288K, used 103590K [0x1a350000, 0x3a350000, 0x44e00000)
   the space 524288K,  19% used [0x1a350000, 0x20879ba8, 0x20879c00, 0x3a350000)
 Metaspace       used 41581K, capacity 42145K, committed 42240K, reserved 42368K
}
Event: 67.895 GC heap before
{Heap before GC invocations=22 (full 3):
 def new generation   total 236032K, used 219292K [0x04e00000, 0x14e10000, 0x1a350000)
  eden space 209856K, 100% used [0x04e00000, 0x11af0000, 0x11af0000)
  from space 26176K,  36% used [0x11af0000, 0x12427088, 0x13480000)
  to   space 26176K,   0% used [0x13480000, 0x13480000, 0x14e10000)
 tenured generation   total 524288K, used 103590K [0x1a350000, 0x3a350000, 0x44e00000)
   the space 524288K,  19% used [0x1a350000, 0x20879ba8, 0x20879c00, 0x3a350000)
 Metaspace       used 42482K, capacity 43090K, committed 43136K, reserved 43392K
Event: 68.003 GC heap after
Heap after GC invocations=23 (full 3):
 def new generation   total 236032K, used 15992K [0x04e00000, 0x14e10000, 0x1a350000)
  eden space 209856K,   0% used [0x04e00000, 0x04e00000, 0x11af0000)
  from space 26176K,  61% used [0x13480000, 0x1441e178, 0x14e10000)
  to   space 26176K,   0% used [0x11af0000, 0x11af0000, 0x13480000)
 tenured generation   total 524288K, used 103590K [0x1a350000, 0x3a350000, 0x44e00000)
   the space 524288K,  19% used [0x1a350000, 0x20879ba8, 0x20879c00, 0x3a350000)
 Metaspace       used 42482K, capacity 43090K, committed 43136K, reserved 43392K
}
Event: 72.677 GC heap before
{Heap before GC invocations=23 (full 3):
 def new generation   total 236032K, used 224471K [0x04e00000, 0x14e10000, 0x1a350000)
  eden space 209856K,  99% used [0x04e00000, 0x11997d30, 0x11af0000)
  from space 26176K,  61% used [0x13480000, 0x1441e178, 0x14e10000)
  to   space 26176K,   0% used [0x11af0000, 0x11af0000, 0x13480000)
 tenured generation   total 524288K, used 103590K [0x1a350000, 0x3a350000, 0x44e00000)
   the space 524288K,  19% used [0x1a350000, 0x20879ba8, 0x20879c00, 0x3a350000)
 Metaspace       used 43377K, capacity 43990K, committed 44032K, reserved 44416K
Event: 72.954 GC heap after
Heap after GC invocations=24 (full 3):
 def new generation   total 236032K, used 23279K [0x04e00000, 0x14e10000, 0x1a350000)
  eden space 209856K,   0% used [0x04e00000, 0x04e00000, 0x11af0000)
  from space 26176K,  88% used [0x11af0000, 0x131abc18, 0x13480000)
  to   space 26176K,   0% used [0x13480000, 0x13480000, 0x14e10000)
 tenured generation   total 524288K, used 108225K [0x1a350000, 0x3a350000, 0x44e00000)
   the space 524288K,  20% used [0x1a350000, 0x20d005e8, 0x20d00600, 0x3a350000)
 Metaspace       used 43377K, capacity 43990K, committed 44032K, reserved 44416K
}
Event: 83.477 GC heap before
{Heap before GC invocations=24 (full 3):
 def new generation   total 236032K, used 233135K [0x04e00000, 0x14e10000, 0x1a350000)
  eden space 209856K, 100% used [0x04e00000, 0x11af0000, 0x11af0000)
  from space 26176K,  88% used [0x11af0000, 0x131abc18, 0x13480000)
  to   space 26176K,   0% used [0x13480000, 0x13480000, 0x14e10000)
 tenured generation   total 524288K, used 108225K [0x1a350000, 0x3a350000, 0x44e00000)
   the space 524288K,  20% used [0x1a350000, 0x20d005e8, 0x20d00600, 0x3a350000)
 Metaspace       used 45345K, capacity 46078K, committed 46080K, reserved 46464K
Event: 83.567 GC heap after
Heap after GC invocations=25 (full 3):
 def new generation   total 236032K, used 17587K [0x04e00000, 0x14e10000, 0x1a350000)
  eden space 209856K,   0% used [0x04e00000, 0x04e00000, 0x11af0000)
  from space 26176K,  67% used [0x13480000, 0x145acfc8, 0x14e10000)
  to   space 26176K,   0% used [0x11af0000, 0x11af0000, 0x13480000)
 tenured generation   total 524288K, used 117491K [0x1a350000, 0x3a350000, 0x44e00000)
   the space 524288K,  22% used [0x1a350000, 0x2160cda8, 0x2160ce00, 0x3a350000)
 Metaspace       used 45345K, capacity 46078K, committed 46080K, reserved 46464K
}
Event: 110.674 GC heap before
{Heap before GC invocations=25 (full 3):
 def new generation   total 236032K, used 227443K [0x04e00000, 0x14e10000, 0x1a350000)
  eden space 209856K, 100% used [0x04e00000, 0x11af0000, 0x11af0000)
  from space 26176K,  67% used [0x13480000, 0x145acfc8, 0x14e10000)
  to   space 26176K,   0% used [0x11af0000, 0x11af0000, 0x13480000)
 tenured generation   total 524288K, used 117491K [0x1a350000, 0x3a350000, 0x44e00000)
   the space 524288K,  22% used [0x1a350000, 0x2160cda8, 0x2160ce00, 0x3a350000)
 Metaspace       used 47426K, capacity 48215K, committed 48256K, reserved 48512K
Event: 110.780 GC heap after
Heap after GC invocations=26 (full 3):
 def new generation   total 236032K, used 11945K [0x04e00000, 0x14e10000, 0x1a350000)
  eden space 209856K,   0% used [0x04e00000, 0x04e00000, 0x11af0000)
  from space 26176K,  45% used [0x11af0000, 0x1269a490, 0x13480000)
  to   space 26176K,   0% used [0x13480000, 0x13480000, 0x14e10000)
 tenured generation   total 524288K, used 128777K [0x1a350000, 0x3a350000, 0x44e00000)
   the space 524288K,  24% used [0x1a350000, 0x221124f8, 0x22112600, 0x3a350000)
 Metaspace       used 47426K, capacity 48215K, committed 48256K, reserved 48512K
}

